<?xml version="1.0" encoding="UTF-8" standalone="yes"?><!DOCTYPE report PUBLIC "-//JACOCO//DTD Report 1.1//EN" "report.dtd"><report name="converter"><sessioninfo id="pkrvmxyh4eaekms-5442349c" start="1750445395300" dump="1750445396447"/><package name="com/revature"><class name="com/revature/Converter" sourcefilename="Converter.java"/><class name="com/revature/ConverterImp" sourcefilename="ConverterImp.java"><method name="&lt;init&gt;" desc="()V" line="3"><counter type="INSTRUCTION" missed="0" covered="3"/><counter type="LINE" missed="0" covered="1"/><counter type="COMPLEXITY" missed="0" covered="1"/><counter type="METHOD" missed="0" covered="1"/></method><method name="snakeToCamel" desc="(Ljava/lang/String;)Ljava/lang/String;" line="6"><counter type="INSTRUCTION" missed="5" covered="38"/><counter type="BRANCH" missed="1" covered="5"/><counter type="LINE" missed="1" covered="9"/><counter type="COMPLEXITY" missed="1" covered="3"/><counter type="METHOD" missed="0" covered="1"/></method><method name="snakeToPascal" desc="(Ljava/lang/String;)Ljava/lang/String;" line="24"><counter type="INSTRUCTION" missed="5" covered="45"/><counter type="BRANCH" missed="1" covered="5"/><counter type="LINE" missed="1" covered="10"/><counter type="COMPLEXITY" missed="1" covered="3"/><counter type="METHOD" missed="0" covered="1"/></method><method name="snakeToScreamingSnake" desc="(Ljava/lang/String;)Ljava/lang/String;" line="42"><counter type="INSTRUCTION" missed="0" covered="3"/><counter type="LINE" missed="0" covered="1"/><counter type="COMPLEXITY" missed="0" covered="1"/><counter type="METHOD" missed="0" covered="1"/></method><counter type="INSTRUCTION" missed="10" covered="89"/><counter type="BRANCH" missed="2" covered="10"/><counter type="LINE" missed="2" covered="21"/><counter type="COMPLEXITY" missed="2" covered="8"/><counter type="METHOD" missed="0" covered="4"/><counter type="CLASS" missed="0" covered="1"/></class><class name="com/revature/BadCaseException" sourcefilename="BadCaseException.java"><method name="&lt;init&gt;" desc="(Ljava/lang/String;)V" line="5"><counter type="INSTRUCTION" missed="4" covered="0"/><counter type="LINE" missed="2" covered="0"/><counter type="COMPLEXITY" missed="1" covered="0"/><counter type="METHOD" missed="1" covered="0"/></method><counter type="INSTRUCTION" missed="4" covered="0"/><counter type="LINE" missed="2" covered="0"/><counter type="COMPLEXITY" missed="1" covered="0"/><counter type="METHOD" missed="1" covered="0"/><counter type="CLASS" missed="1" covered="0"/></class><sourcefile name="BadCaseException.java"><line nr="5" mi="3" ci="0" mb="0" cb="0"/><line nr="6" mi="1" ci="0" mb="0" cb="0"/><counter type="INSTRUCTION" missed="4" covered="0"/><counter type="LINE" missed="2" covered="0"/><counter type="COMPLEXITY" missed="1" covered="0"/><counter type="METHOD" missed="1" covered="0"/><counter type="CLASS" missed="1" covered="0"/></sourcefile><sourcefile name="ConverterImp.java"><line nr="3" mi="0" ci="3" mb="0" cb="0"/><line nr="6" mi="0" ci="5" mb="0" cb="0"/><line nr="7" mi="0" ci="2" mb="0" cb="0"/><line nr="8" mi="0" ci="8" mb="0" cb="2"/><line nr="9" mi="0" ci="5" mb="0" cb="2"/><line nr="10" mi="0" ci="4" mb="0" cb="0"/><line nr="11" mi="0" ci="7" mb="0" cb="0"/><line nr="12" mi="0" ci="2" mb="0" cb="0"/><line nr="15" mi="0" ci="2" mb="1" cb="1"/><line nr="16" mi="0" ci="3" mb="0" cb="0"/><line nr="18" mi="5" ci="0" mb="0" cb="0"/><line nr="24" mi="0" ci="5" mb="0" cb="0"/><line nr="25" mi="0" ci="2" mb="0" cb="0"/><line nr="26" mi="0" ci="7" mb="0" cb="0"/><line nr="27" mi="0" ci="8" mb="0" cb="2"/><line nr="28" mi="0" ci="5" mb="0" cb="2"/><line nr="29" mi="0" ci="4" mb="0" cb="0"/><line nr="30" mi="0" ci="7" mb="0" cb="0"/><line nr="31" mi="0" ci="2" mb="0" cb="0"/><line nr="34" mi="0" ci="2" mb="1" cb="1"/><line nr="35" mi="0" ci="3" mb="0" cb="0"/><line nr="37" mi="5" ci="0" mb="0" cb="0"/><line nr="42" mi="0" ci="3" mb="0" cb="0"/><counter type="INSTRUCTION" missed="10" covered="89"/><counter type="BRANCH" missed="2" covered="10"/><counter type="LINE" missed="2" covered="21"/><counter type="COMPLEXITY" missed="2" covered="8"/><counter type="METHOD" missed="0" covered="4"/><counter type="CLASS" missed="0" covered="1"/></sourcefile><sourcefile name="Converter.java"/><counter type="INSTRUCTION" missed="14" covered="89"/><counter type="BRANCH" missed="2" covered="10"/><counter type="LINE" missed="4" covered="21"/><counter type="COMPLEXITY" missed="3" covered="8"/><counter type="METHOD" missed="1" covered="4"/><counter type="CLASS" missed="1" covered="1"/></package><counter type="INSTRUCTION" missed="14" covered="89"/><counter type="BRANCH" missed="2" covered="10"/><counter type="LINE" missed="4" covered="21"/><counter type="COMPLEXITY" missed="3" covered="8"/><counter type="METHOD" missed="1" covered="4"/><counter type="CLASS" missed="1" covered="1"/></report>